# JRE version: OpenJDK Runtime Environment (8.0_121-b13) (build 1.8.0_121-8u121-b13-0ubuntu1.16.04.2-b13)
# Java VM: OpenJDK 64-Bit Server VM (25.121-b13 mixed mode linux-amd64 compressed oops)
Heap:
 PSYoungGen      total 305664K, used 43492K [0x00000000eab00000, 0x0000000100000000, 0x0000000100000000)
  eden space 262144K, 0% used [0x00000000eab00000,0x00000000eab00000,0x00000000fab00000)
  from space 43520K, 99% used [0x00000000fd580000,0x00000000ffff9308,0x0000000100000000)
  to   space 43520K, 0% used [0x00000000fab00000,0x00000000fab00000,0x00000000fd580000)
 ParOldGen       total 699392K, used 24811K [0x00000000c0000000, 0x00000000eab00000, 0x00000000eab00000)
  object space 699392K, 3% used [0x00000000c0000000,0x00000000c183af20,0x00000000eab00000)
 Metaspace       used 73301K, capacity 73893K, committed 74096K, reserved 1110016K
  class space    used 12999K, capacity 13182K, committed 13224K, reserved 1048576K
GC Heap History (10 events):
Event: 6,934 GC heap after
Heap after GC invocations=6 (full 3):
 PSYoungGen      total 305664K, used 0K [0x00000000eab00000, 0x0000000100000000, 0x0000000100000000)
  eden space 262144K, 0% used [0x00000000eab00000,0x00000000eab00000,0x00000000fab00000)
  from space 43520K, 0% used [0x00000000fab00000,0x00000000fab00000,0x00000000fd580000)
  to   space 43520K, 0% used [0x00000000fd580000,0x00000000fd580000,0x0000000100000000)
 ParOldGen       total 699392K, used 16482K [0x00000000c0000000, 0x00000000eab00000, 0x00000000eab00000)
  object space 699392K, 2% used [0x00000000c0000000,0x00000000c1018938,0x00000000eab00000)
 Metaspace       used 43866K, capacity 44242K, committed 44456K, reserved 1085440K
  class space    used 8227K, capacity 8342K, committed 8360K, reserved 1048576K
}
Event: 6,938 GC heap before
{Heap before GC invocations=7 (full 3):
 PSYoungGen      total 305664K, used 3831K [0x00000000eab00000, 0x0000000100000000, 0x0000000100000000)
  eden space 262144K, 1% used [0x00000000eab00000,0x00000000eaebdd28,0x00000000fab00000)
  from space 43520K, 0% used [0x00000000fab00000,0x00000000fab00000,0x00000000fd580000)
  to   space 43520K, 0% used [0x00000000fd580000,0x00000000fd580000,0x0000000100000000)
 ParOldGen       total 699392K, used 16482K [0x00000000c0000000, 0x00000000eab00000, 0x00000000eab00000)
  object space 699392K, 2% used [0x00000000c0000000,0x00000000c1018938,0x00000000eab00000)
 Metaspace       used 43870K, capacity 44242K, committed 44456K, reserved 1085440K
  class space    used 8228K, capacity 8342K, committed 8360K, reserved 1048576K
Event: 6,939 GC heap after
Heap after GC invocations=7 (full 3):
 PSYoungGen      total 305664K, used 64K [0x00000000eab00000, 0x0000000100000000, 0x0000000100000000)
  eden space 262144K, 0% used [0x00000000eab00000,0x00000000eab00000,0x00000000fab00000)
  from space 43520K, 0% used [0x00000000fd580000,0x00000000fd590000,0x0000000100000000)
  to   space 43520K, 0% used [0x00000000fab00000,0x00000000fab00000,0x00000000fd580000)
 ParOldGen       total 699392K, used 16482K [0x00000000c0000000, 0x00000000eab00000, 0x00000000eab00000)
  object space 699392K, 2% used [0x00000000c0000000,0x00000000c1018938,0x00000000eab00000)
 Metaspace       used 43870K, capacity 44242K, committed 44456K, reserved 1085440K
  class space    used 8228K, capacity 8342K, committed 8360K, reserved 1048576K
}
Event: 6,939 GC heap before
{Heap before GC invocations=8 (full 4):
 PSYoungGen      total 305664K, used 64K [0x00000000eab00000, 0x0000000100000000, 0x0000000100000000)
  eden space 262144K, 0% used [0x00000000eab00000,0x00000000eab00000,0x00000000fab00000)
  from space 43520K, 0% used [0x00000000fd580000,0x00000000fd590000,0x0000000100000000)
  to   space 43520K, 0% used [0x00000000fab00000,0x00000000fab00000,0x00000000fd580000)
 ParOldGen       total 699392K, used 16482K [0x00000000c0000000, 0x00000000eab00000, 0x00000000eab00000)
  object space 699392K, 2% used [0x00000000c0000000,0x00000000c1018938,0x00000000eab00000)
 Metaspace       used 43870K, capacity 44242K, committed 44456K, reserved 1085440K
  class space    used 8228K, capacity 8342K, committed 8360K, reserved 1048576K
Event: 7,018 GC heap after
Heap after GC invocations=8 (full 4):
 PSYoungGen      total 305664K, used 0K [0x00000000eab00000, 0x0000000100000000, 0x0000000100000000)
  eden space 262144K, 0% used [0x00000000eab00000,0x00000000eab00000,0x00000000fab00000)
  from space 43520K, 0% used [0x00000000fd580000,0x00000000fd580000,0x0000000100000000)
  to   space 43520K, 0% used [0x00000000fab00000,0x00000000fab00000,0x00000000fd580000)
 ParOldGen       total 699392K, used 13401K [0x00000000c0000000, 0x00000000eab00000, 0x00000000eab00000)
  object space 699392K, 1% used [0x00000000c0000000,0x00000000c0d16730,0x00000000eab00000)
 Metaspace       used 43870K, capacity 44242K, committed 44456K, reserved 1085440K
  class space    used 8228K, capacity 8342K, committed 8360K, reserved 1048576K
}
Event: 12,142 GC heap before
{Heap before GC invocations=9 (full 4):
 PSYoungGen      total 305664K, used 262144K [0x00000000eab00000, 0x0000000100000000, 0x0000000100000000)
  eden space 262144K, 100% used [0x00000000eab00000,0x00000000fab00000,0x00000000fab00000)
  from space 43520K, 0% used [0x00000000fd580000,0x00000000fd580000,0x0000000100000000)
  to   space 43520K, 0% used [0x00000000fab00000,0x00000000fab00000,0x00000000fd580000)
 ParOldGen       total 699392K, used 13401K [0x00000000c0000000, 0x00000000eab00000, 0x00000000eab00000)
  object space 699392K, 1% used [0x00000000c0000000,0x00000000c0d16730,0x00000000eab00000)
 Metaspace       used 61051K, capacity 61700K, committed 61864K, reserved 1099776K
  class space    used 11218K, capacity 11422K, committed 11432K, reserved 1048576K
Event: 12,209 GC heap after
Heap after GC invocations=9 (full 4):
 PSYoungGen      total 305664K, used 43494K [0x00000000eab00000, 0x0000000100000000, 0x0000000100000000)
  eden space 262144K, 0% used [0x00000000eab00000,0x00000000eab00000,0x00000000fab00000)
  from space 43520K, 99% used [0x00000000fab00000,0x00000000fd579990,0x00000000fd580000)
  to   space 43520K, 0% used [0x00000000fd580000,0x00000000fd580000,0x0000000100000000)
 ParOldGen       total 699392K, used 13460K [0x00000000c0000000, 0x00000000eab00000, 0x00000000eab00000)
  object space 699392K, 1% used [0x00000000c0000000,0x00000000c0d25280,0x00000000eab00000)
 Metaspace       used 61051K, capacity 61700K, committed 61864K, reserved 1099776K
  class space    used 11218K, capacity 11422K, committed 11432K, reserved 1048576K
}
Event: 19,640 GC heap before
{Heap before GC invocations=10 (full 4):
 PSYoungGen      total 305664K, used 162191K [0x00000000eab00000, 0x0000000100000000, 0x0000000100000000)
  eden space 262144K, 45% used [0x00000000eab00000,0x00000000f1eea550,0x00000000fab00000)
  from space 43520K, 99% used [0x00000000fab00000,0x00000000fd579990,0x00000000fd580000)
  to   space 43520K, 0% used [0x00000000fd580000,0x00000000fd580000,0x0000000100000000)
 ParOldGen       total 699392K, used 13460K [0x00000000c0000000, 0x00000000eab00000, 0x00000000eab00000)
  object space 699392K, 1% used [0x00000000c0000000,0x00000000c0d25280,0x00000000eab00000)
 Metaspace       used 73301K, capacity 73893K, committed 74096K, reserved 1110016K
  class space    used 12999K, capacity 13182K, committed 13224K, reserved 1048576K
Event: 19,746 GC heap after
Heap after GC invocations=10 (full 4):
 PSYoungGen      total 305664K, used 43492K [0x00000000eab00000, 0x0000000100000000, 0x0000000100000000)
  eden space 262144K, 0% used [0x00000000eab00000,0x00000000eab00000,0x00000000fab00000)
  from space 43520K, 99% used [0x00000000fd580000,0x00000000ffff9308,0x0000000100000000)
  to   space 43520K, 0% used [0x00000000fab00000,0x00000000fab00000,0x00000000fd580000)
 ParOldGen       total 699392K, used 24811K [0x00000000c0000000, 0x00000000eab00000, 0x00000000eab00000)
  object space 699392K, 3% used [0x00000000c0000000,0x00000000c183af20,0x00000000eab00000)
 Metaspace       used 73301K, capacity 73893K, committed 74096K, reserved 1110016K
  class space    used 12999K, capacity 13182K, committed 13224K, reserved 1048576K
}
Event: 19,746 GC heap before
{Heap before GC invocations=11 (full 5):
 PSYoungGen      total 305664K, used 43492K [0x00000000eab00000, 0x0000000100000000, 0x0000000100000000)
  eden space 262144K, 0% used [0x00000000eab00000,0x00000000eab00000,0x00000000fab00000)
  from space 43520K, 99% used [0x00000000fd580000,0x00000000ffff9308,0x0000000100000000)
  to   space 43520K, 0% used [0x00000000fab00000,0x00000000fab00000,0x00000000fd580000)
 ParOldGen       total 699392K, used 24811K [0x00000000c0000000, 0x00000000eab00000, 0x00000000eab00000)
  object space 699392K, 3% used [0x00000000c0000000,0x00000000c183af20,0x00000000eab00000)
 Metaspace       used 73301K, capacity 73893K, committed 74096K, reserved 1110016K
  class space    used 12999K, capacity 13182K, committed 13224K, reserved 1048576K

